<?xml version="1.0" encoding="UTF-8"?>
<!-- Generated by org.testng.reporters.JUnitXMLReporter -->
<testsuite ignored="0" hostname="DESKTOP-0UB5VTR" failures="0" tests="4" name="Test1" time="0.148" errors="0" timestamp="2022-01-18T18:14:37 IST">
  <testcase classname="TestNG.Test2" name="customerTest1" time="0.027"/>
  <testcase classname="TestNG.Test2" name="customerTest2" time="0.002"/>
  <testcase classname="TestNG.Test1" name="createContact" time="0.002"/>
  <testcase classname="TestNG.Test1" name="createOrganization" time="0.005"/>
</testsuite> <!-- Test1 -->
