<?xml version="1.0" encoding="UTF-8"?>
<testng-results ignored="0" total="0" passed="0" failed="0" skipped="0">
  <reporter-output>
  </reporter-output>
  <suite started-at="2022-01-20T10:20:59 IST" name="Failed suite [Default suite]" finished-at="2022-01-20T10:20:59 IST" duration-ms="18">
    <groups>
    </groups>
    <test started-at="2022-01-20T10:20:59 IST" name="Default test(failed)" finished-at="2022-01-20T10:20:59 IST" duration-ms="18">
    </test> <!-- Default test(failed) -->
  </suite> <!-- Failed suite [Default suite] -->
</testng-results>
